This file contains any messages produced by compilers while
running configure, to aid debugging if configure makes a mistake.

It was created by libbswabe configure 0.9, which was
generated by GNU Autoconf 2.67.  Invocation command line was

  $ ./configure 

## --------- ##
## Platform. ##
## --------- ##

hostname = Kamals-MacBook-Pro.local
uname -m = arm64
uname -r = 22.3.0
uname -s = Darwin
uname -v = Darwin Kernel Version 22.3.0: Mon Jan 30 20:39:35 PST 2023; root:xnu-8792.81.3~2/RELEASE_ARM64_T8103

/usr/bin/uname -p = arm
/bin/uname -X     = unknown

/bin/arch              = unknown
/usr/bin/arch -k       = unknown
/usr/convex/getsysinfo = unknown
/usr/bin/hostinfo      = Mach kernel version:
	 Darwin Kernel Version 22.3.0: Mon Jan 30 20:39:35 PST 2023; root:xnu-8792.81.3~2/RELEASE_ARM64_T8103
Kernel configured for up to 8 processors.
8 processors are physically available.
8 processors are logically available.
Processor type: arm64e (ARM64E)
Processors active: 0 1 2 3 4 5 6 7
Primary memory available: 8.00 gigabytes
Default processor set: 571 tasks, 3015 threads, 8 processors
Load average: 2.79, Mach factor: 5.19
/bin/machine           = unknown
/usr/bin/oslevel       = unknown
/bin/universe          = unknown

PATH: /opt/homebrew/opt/openssl@3/bin
PATH: /opt/homebrew/opt/openssl@3/bin
PATH: /Users/kamalswami/miniconda3/bin
PATH: /opt/homebrew/opt/php@7.4/bin
PATH: /opt/homebrew/bin
PATH: /opt/homebrew/sbin
PATH: /opt/local/bin
PATH: /opt/local/sbin
PATH: /usr/local/bin
PATH: /System/Cryptexes/App/usr/bin
PATH: /usr/bin
PATH: /bin
PATH: /usr/sbin
PATH: /sbin
PATH: /Library/Apple/usr/bin


## ----------- ##
## Core tests. ##
## ----------- ##

configure:2153: checking whether to enable debugging
configure:2173: result: no
configure:2224: checking for gcc
configure:2240: found /usr/bin/gcc
configure:2251: result: gcc
configure:2480: checking for C compiler version
configure:2489: gcc --version >&5
Apple clang version 14.0.0 (clang-1400.0.29.202)
Target: arm64-apple-darwin22.3.0
Thread model: posix
InstalledDir: /Library/Developer/CommandLineTools/usr/bin
configure:2500: $? = 0
configure:2489: gcc -v >&5
Apple clang version 14.0.0 (clang-1400.0.29.202)
Target: arm64-apple-darwin22.3.0
Thread model: posix
InstalledDir: /Library/Developer/CommandLineTools/usr/bin
configure:2500: $? = 0
configure:2489: gcc -V >&5
clang: error: argument to '-V' is missing (expected 1 value)
clang: error: no input files
configure:2500: $? = 1
configure:2489: gcc -qversion >&5
clang: error: unknown argument '-qversion'; did you mean '--version'?
clang: error: no input files
configure:2500: $? = 1
configure:2520: checking whether the C compiler works
configure:2542: gcc -O3 -Wall  -O3 -Wall conftest.c  >&5
configure:2546: $? = 0
configure:2594: result: yes
configure:2597: checking for C compiler default output file name
configure:2599: result: a.out
configure:2605: checking for suffix of executables
configure:2612: gcc -o conftest -O3 -Wall  -O3 -Wall conftest.c  >&5
configure:2616: $? = 0
configure:2638: result: 
configure:2660: checking whether we are cross compiling
configure:2668: gcc -o conftest -O3 -Wall  -O3 -Wall conftest.c  >&5
configure:2672: $? = 0
configure:2679: ./conftest
configure:2683: $? = 0
configure:2698: result: no
configure:2703: checking for suffix of object files
configure:2725: gcc -c -O3 -Wall  conftest.c >&5
configure:2729: $? = 0
configure:2750: result: o
configure:2754: checking whether we are using the GNU C compiler
configure:2773: gcc -c -O3 -Wall  conftest.c >&5
configure:2773: $? = 0
configure:2782: result: yes
configure:2791: checking whether gcc accepts -g
configure:2811: gcc -c -g  conftest.c >&5
configure:2811: $? = 0
configure:2852: result: yes
configure:2869: checking for gcc option to accept ISO C89
configure:2933: gcc  -c -O3 -Wall  conftest.c >&5
configure:2933: $? = 0
configure:2946: result: none needed
configure:2973: checking for an ANSI C-conforming const
configure:3038: gcc -c -O3 -Wall  conftest.c >&5
conftest.c:54:18: warning: variable 'b' is uninitialized when used here [-Wuninitialized]
    struct s *b; b->j = 5;
                 ^
conftest.c:54:16: note: initialize the variable 'b' to silence this warning
    struct s *b; b->j = 5;
               ^
                = 0
conftest.c:38:6: warning: variable 't' is uninitialized when used here [-Wuninitialized]
    *t++ = 0;
     ^
conftest.c:35:12: note: initialize the variable 't' to silence this warning
    char *t;
           ^
            = 0
2 warnings generated.
configure:3038: $? = 0
configure:3045: result: yes
configure:3058: checking how to run the C preprocessor
configure:3089: gcc -E  conftest.c
configure:3089: $? = 0
configure:3103: gcc -E  conftest.c
conftest.c:9:10: fatal error: 'ac_nonexistent.h' file not found
#include <ac_nonexistent.h>
         ^~~~~~~~~~~~~~~~~~
1 error generated.
configure:3103: $? = 1
configure: failed program was:
| /* confdefs.h */
| #define PACKAGE_NAME "libbswabe"
| #define PACKAGE_TARNAME "libbswabe"
| #define PACKAGE_VERSION "0.9"
| #define PACKAGE_STRING "libbswabe 0.9"
| #define PACKAGE_BUGREPORT "bethenco@cs.berkeley.edu"
| #define PACKAGE_URL ""
| /* end confdefs.h.  */
| #include <ac_nonexistent.h>
configure:3128: result: gcc -E
configure:3148: gcc -E  conftest.c
configure:3148: $? = 0
configure:3162: gcc -E  conftest.c
conftest.c:9:10: fatal error: 'ac_nonexistent.h' file not found
#include <ac_nonexistent.h>
         ^~~~~~~~~~~~~~~~~~
1 error generated.
configure:3162: $? = 1
configure: failed program was:
| /* confdefs.h */
| #define PACKAGE_NAME "libbswabe"
| #define PACKAGE_TARNAME "libbswabe"
| #define PACKAGE_VERSION "0.9"
| #define PACKAGE_STRING "libbswabe 0.9"
| #define PACKAGE_BUGREPORT "bethenco@cs.berkeley.edu"
| #define PACKAGE_URL ""
| /* end confdefs.h.  */
| #include <ac_nonexistent.h>
configure:3191: checking for grep that handles long lines and -e
configure:3249: result: /usr/bin/grep
configure:3254: checking for egrep
configure:3316: result: /usr/bin/grep -E
configure:3321: checking for ANSI C header files
configure:3341: gcc -c -O3 -Wall  conftest.c >&5
configure:3341: $? = 0
configure:3414: gcc -o conftest -O3 -Wall  -O3 -Wall conftest.c  >&5
configure:3414: $? = 0
configure:3414: ./conftest
configure:3414: $? = 0
configure:3425: result: yes
configure:3438: checking for sys/types.h
configure:3438: gcc -c -O3 -Wall  conftest.c >&5
configure:3438: $? = 0
configure:3438: result: yes
configure:3438: checking for sys/stat.h
configure:3438: gcc -c -O3 -Wall  conftest.c >&5
configure:3438: $? = 0
configure:3438: result: yes
configure:3438: checking for stdlib.h
configure:3438: gcc -c -O3 -Wall  conftest.c >&5
configure:3438: $? = 0
configure:3438: result: yes
configure:3438: checking for string.h
configure:3438: gcc -c -O3 -Wall  conftest.c >&5
configure:3438: $? = 0
configure:3438: result: yes
configure:3438: checking for memory.h
configure:3438: gcc -c -O3 -Wall  conftest.c >&5
configure:3438: $? = 0
configure:3438: result: yes
configure:3438: checking for strings.h
configure:3438: gcc -c -O3 -Wall  conftest.c >&5
configure:3438: $? = 0
configure:3438: result: yes
configure:3438: checking for inttypes.h
configure:3438: gcc -c -O3 -Wall  conftest.c >&5
configure:3438: $? = 0
configure:3438: result: yes
configure:3438: checking for stdint.h
configure:3438: gcc -c -O3 -Wall  conftest.c >&5
configure:3438: $? = 0
configure:3438: result: yes
configure:3438: checking for unistd.h
configure:3438: gcc -c -O3 -Wall  conftest.c >&5
configure:3438: $? = 0
configure:3438: result: yes
configure:3450: checking for uint32_t
configure:3450: gcc -c -O3 -Wall  conftest.c >&5
configure:3450: $? = 0
configure:3450: result: yes
configure:3465: checking for ANSI C header files
configure:3569: result: yes
configure:3580: checking for stdint.h
configure:3580: result: yes
configure:3580: checking for stdlib.h
configure:3580: result: yes
configure:3580: checking for string.h
configure:3580: result: yes
configure:3595: checking for stdlib.h
configure:3595: result: yes
configure:3605: checking for GNU libc compatible malloc
configure:3629: gcc -o conftest -O3 -Wall  -O3 -Wall conftest.c  >&5
configure:3629: $? = 0
configure:3629: ./conftest
configure:3629: $? = 0
configure:3639: result: yes
configure:3662: checking for working alloca.h
configure:3679: gcc -o conftest -O3 -Wall  -O3 -Wall conftest.c  >&5
configure:3679: $? = 0
configure:3687: result: yes
configure:3695: checking for alloca
configure:3732: gcc -o conftest -O3 -Wall  -O3 -Wall conftest.c  >&5
configure:3732: $? = 0
configure:3740: result: yes
configure:3851: checking for vprintf
configure:3851: gcc -o conftest -O3 -Wall  -O3 -Wall conftest.c  >&5
conftest.c:50:6: warning: incompatible redeclaration of library function 'vprintf' [-Wincompatible-library-redeclaration]
char vprintf ();
     ^
conftest.c:50:6: note: 'vprintf' is a builtin with type 'int (const char *, __builtin_va_list)'
1 warning generated.
configure:3851: $? = 0
configure:3851: result: yes
configure:3857: checking for _doprnt
configure:3857: gcc -o conftest -O3 -Wall  -O3 -Wall conftest.c  >&5
Undefined symbols for architecture arm64:
  "__doprnt", referenced from:
      _main in conftest-5fe173.o
ld: symbol(s) not found for architecture arm64
clang: error: linker command failed with exit code 1 (use -v to see invocation)
configure:3857: $? = 1
configure: failed program was:
| /* confdefs.h */
| #define PACKAGE_NAME "libbswabe"
| #define PACKAGE_TARNAME "libbswabe"
| #define PACKAGE_VERSION "0.9"
| #define PACKAGE_STRING "libbswabe 0.9"
| #define PACKAGE_BUGREPORT "bethenco@cs.berkeley.edu"
| #define PACKAGE_URL ""
| #define STDC_HEADERS 1
| #define HAVE_SYS_TYPES_H 1
| #define HAVE_SYS_STAT_H 1
| #define HAVE_STDLIB_H 1
| #define HAVE_STRING_H 1
| #define HAVE_MEMORY_H 1
| #define HAVE_STRINGS_H 1
| #define HAVE_INTTYPES_H 1
| #define HAVE_STDINT_H 1
| #define HAVE_UNISTD_H 1
| #define STDC_HEADERS 1
| #define HAVE_STDINT_H 1
| #define HAVE_STDLIB_H 1
| #define HAVE_STRING_H 1
| #define HAVE_STDLIB_H 1
| #define HAVE_MALLOC 1
| #define HAVE_ALLOCA_H 1
| #define HAVE_ALLOCA 1
| #define HAVE_VPRINTF 1
| /* end confdefs.h.  */
| /* Define _doprnt to an innocuous variant, in case <limits.h> declares _doprnt.
|    For example, HP-UX 11i <limits.h> declares gettimeofday.  */
| #define _doprnt innocuous__doprnt
| 
| /* System header to define __stub macros and hopefully few prototypes,
|     which can conflict with char _doprnt (); below.
|     Prefer <limits.h> to <assert.h> if __STDC__ is defined, since
|     <limits.h> exists even on freestanding compilers.  */
| 
| #ifdef __STDC__
| # include <limits.h>
| #else
| # include <assert.h>
| #endif
| 
| #undef _doprnt
| 
| /* Override any GCC internal prototype to avoid an error.
|    Use char because int might match the return type of a GCC
|    builtin and then its argument prototype would still apply.  */
| #ifdef __cplusplus
| extern "C"
| #endif
| char _doprnt ();
| /* The GNU C library defines this for functions which it implements
|     to always fail with ENOSYS.  Some functions are actually named
|     something starting with __ and the normal name is an alias.  */
| #if defined __stub__doprnt || defined __stub____doprnt
| choke me
| #endif
| 
| int
| main ()
| {
| return _doprnt ();
|   ;
|   return 0;
| }
configure:3857: result: no
configure:3868: checking for SHA1 in -lcrypto
configure:3893: gcc -o conftest -O3 -Wall  -O3 -Wall conftest.c -lcrypto   >&5
ld: library not found for -lcrypto
clang: error: linker command failed with exit code 1 (use -v to see invocation)
configure:3893: $? = 1
configure: failed program was:
| /* confdefs.h */
| #define PACKAGE_NAME "libbswabe"
| #define PACKAGE_TARNAME "libbswabe"
| #define PACKAGE_VERSION "0.9"
| #define PACKAGE_STRING "libbswabe 0.9"
| #define PACKAGE_BUGREPORT "bethenco@cs.berkeley.edu"
| #define PACKAGE_URL ""
| #define STDC_HEADERS 1
| #define HAVE_SYS_TYPES_H 1
| #define HAVE_SYS_STAT_H 1
| #define HAVE_STDLIB_H 1
| #define HAVE_STRING_H 1
| #define HAVE_MEMORY_H 1
| #define HAVE_STRINGS_H 1
| #define HAVE_INTTYPES_H 1
| #define HAVE_STDINT_H 1
| #define HAVE_UNISTD_H 1
| #define STDC_HEADERS 1
| #define HAVE_STDINT_H 1
| #define HAVE_STDLIB_H 1
| #define HAVE_STRING_H 1
| #define HAVE_STDLIB_H 1
| #define HAVE_MALLOC 1
| #define HAVE_ALLOCA_H 1
| #define HAVE_ALLOCA 1
| #define HAVE_VPRINTF 1
| /* end confdefs.h.  */
| 
| /* Override any GCC internal prototype to avoid an error.
|    Use char because int might match the return type of a GCC
|    builtin and then its argument prototype would still apply.  */
| #ifdef __cplusplus
| extern "C"
| #endif
| char SHA1 ();
| int
| main ()
| {
| return SHA1 ();
|   ;
|   return 0;
| }
configure:3902: result: no
configure:3912: error: please install the OpenSSL crypto library, libcrypto.

## ---------------- ##
## Cache variables. ##
## ---------------- ##

ac_cv_c_compiler_gnu=yes
ac_cv_c_const=yes
ac_cv_c_uint32_t=yes
ac_cv_env_CC_set=
ac_cv_env_CC_value=
ac_cv_env_CFLAGS_set=
ac_cv_env_CFLAGS_value=
ac_cv_env_CPPFLAGS_set=
ac_cv_env_CPPFLAGS_value=
ac_cv_env_CPP_set=
ac_cv_env_CPP_value=
ac_cv_env_LDFLAGS_set=
ac_cv_env_LDFLAGS_value=
ac_cv_env_LIBS_set=
ac_cv_env_LIBS_value=
ac_cv_env_build_alias_set=
ac_cv_env_build_alias_value=
ac_cv_env_host_alias_set=
ac_cv_env_host_alias_value=
ac_cv_env_target_alias_set=
ac_cv_env_target_alias_value=
ac_cv_func__doprnt=no
ac_cv_func_alloca_works=yes
ac_cv_func_malloc_0_nonnull=yes
ac_cv_func_vprintf=yes
ac_cv_header_inttypes_h=yes
ac_cv_header_memory_h=yes
ac_cv_header_stdc=yes
ac_cv_header_stdint_h=yes
ac_cv_header_stdlib_h=yes
ac_cv_header_string_h=yes
ac_cv_header_strings_h=yes
ac_cv_header_sys_stat_h=yes
ac_cv_header_sys_types_h=yes
ac_cv_header_unistd_h=yes
ac_cv_lib_crypto_SHA1=no
ac_cv_objext=o
ac_cv_path_EGREP='/usr/bin/grep -E'
ac_cv_path_GREP=/usr/bin/grep
ac_cv_prog_CPP='gcc -E'
ac_cv_prog_ac_ct_CC=gcc
ac_cv_prog_cc_c89=
ac_cv_prog_cc_g=yes
ac_cv_working_alloca_h=yes

## ----------------- ##
## Output variables. ##
## ----------------- ##

ALLOCA=''
CC='gcc'
CFLAGS='-O3 -Wall'
CPP='gcc -E'
CPPFLAGS=''
DEFS=''
ECHO_C='\c'
ECHO_N=''
ECHO_T=''
EGREP='/usr/bin/grep -E'
EXEEXT=''
GLIB_CFLAGS=''
GLIB_GENMARSHAL=''
GLIB_LIBS=''
GLIB_MKENUMS=''
GMP_CFLAGS=''
GMP_LIBS=''
GOBJECT_QUERY=''
GREP='/usr/bin/grep'
LDFLAGS='-O3 -Wall'
LIBOBJS=''
LIBS=''
LTLIBOBJS=''
OBJEXT='o'
PACKAGE_BUGREPORT='bethenco@cs.berkeley.edu'
PACKAGE_NAME='libbswabe'
PACKAGE_STRING='libbswabe 0.9'
PACKAGE_TARNAME='libbswabe'
PACKAGE_URL=''
PACKAGE_VERSION='0.9'
PATH_SEPARATOR=':'
PBC_CFLAGS=''
PBC_LIBS=''
PKG_CONFIG=''
SHELL='/bin/sh'
ac_ct_CC='gcc'
bindir='${exec_prefix}/bin'
build_alias=''
datadir='${datarootdir}'
datarootdir='${prefix}/share'
docdir='${datarootdir}/doc/${PACKAGE_TARNAME}'
dvidir='${docdir}'
exec_prefix='NONE'
host_alias=''
htmldir='${docdir}'
includedir='${prefix}/include'
infodir='${datarootdir}/info'
libdir='${exec_prefix}/lib'
libexecdir='${exec_prefix}/libexec'
localedir='${datarootdir}/locale'
localstatedir='${prefix}/var'
mandir='${datarootdir}/man'
oldincludedir='/usr/include'
pdfdir='${docdir}'
prefix='NONE'
program_transform_name='s,x,x,'
psdir='${docdir}'
sbindir='${exec_prefix}/sbin'
sharedstatedir='${prefix}/com'
sysconfdir='${prefix}/etc'
target_alias=''

## ----------- ##
## confdefs.h. ##
## ----------- ##

/* confdefs.h */
#define PACKAGE_NAME "libbswabe"
#define PACKAGE_TARNAME "libbswabe"
#define PACKAGE_VERSION "0.9"
#define PACKAGE_STRING "libbswabe 0.9"
#define PACKAGE_BUGREPORT "bethenco@cs.berkeley.edu"
#define PACKAGE_URL ""
#define STDC_HEADERS 1
#define HAVE_SYS_TYPES_H 1
#define HAVE_SYS_STAT_H 1
#define HAVE_STDLIB_H 1
#define HAVE_STRING_H 1
#define HAVE_MEMORY_H 1
#define HAVE_STRINGS_H 1
#define HAVE_INTTYPES_H 1
#define HAVE_STDINT_H 1
#define HAVE_UNISTD_H 1
#define STDC_HEADERS 1
#define HAVE_STDINT_H 1
#define HAVE_STDLIB_H 1
#define HAVE_STRING_H 1
#define HAVE_STDLIB_H 1
#define HAVE_MALLOC 1
#define HAVE_ALLOCA_H 1
#define HAVE_ALLOCA 1
#define HAVE_VPRINTF 1

configure: exit 1
